<?xml version="1.0" encoding="UTF-8"?>
<!-- Generated by org.testng.reporters.JUnitReportReporter -->
<testsuite skipped="0" hostname="Dell-PC" name="pck1.Test1" tests="1" failures="0" timestamp="2023-01-27T16:55:44 IST" time="0.020" errors="0">
  <testcase name="tc1" time="0.020" classname="pck1.Test1"/>
  <system-out/>
</testsuite> <!-- pck1.Test1 -->
